<?xml version="1.0" encoding="UTF-8"?>
<testng-results ignored="0" total="3" passed="3" failed="0" skipped="0">
  <reporter-output>
  </reporter-output>
  <suite started-at="2022-09-10T18:28:57 IST" name="Suite" finished-at="2022-09-10T18:29:35 IST" duration-ms="38048">
    <groups>
    </groups>
    <test started-at="2022-09-10T18:28:57 IST" name="Test" finished-at="2022-09-10T18:29:35 IST" duration-ms="38048">
      <class name="scripts.TestCase1">
        <test-method is-config="true" signature="openApp()[pri:0, instance:scripts.TestCase1@2df9b86]" started-at="2022-09-10T18:28:57 IST" name="openApp" finished-at="2022-09-10T18:29:00 IST" duration-ms="3197" status="PASS">
          <reporter-output>
          </reporter-output>
        </test-method> <!-- openApp -->
        <test-method signature="tc1()[pri:0, instance:scripts.TestCase1@2df9b86]" started-at="2022-09-10T18:29:00 IST" name="tc1" finished-at="2022-09-10T18:29:08 IST" duration-ms="7733" status="PASS">
          <reporter-output>
          </reporter-output>
        </test-method> <!-- tc1 -->
        <test-method is-config="true" signature="closeapp(org.testng.ITestResult)[pri:0, instance:scripts.TestCase1@2df9b86]" started-at="2022-09-10T18:29:08 IST" name="closeapp" finished-at="2022-09-10T18:29:08 IST" duration-ms="289" status="PASS">
          <params>
            <param index="0">
              <value>
                <![CDATA[[TestResult name=tc1 status=SUCCESS method=TestCase1.tc1()[pri:0, instance:scripts.TestCase1@2df9b86] output={null}]]]>
              </value>
            </param>
          </params>
          <reporter-output>
          </reporter-output>
        </test-method> <!-- closeapp -->
      </class> <!-- scripts.TestCase1 -->
      <class name="scripts.TestCase2">
        <test-method is-config="true" signature="openApp()[pri:0, instance:scripts.TestCase2@35aea049]" started-at="2022-09-10T18:29:08 IST" name="openApp" finished-at="2022-09-10T18:29:10 IST" duration-ms="1867" status="PASS">
          <reporter-output>
          </reporter-output>
        </test-method> <!-- openApp -->
        <test-method signature="tc2()[pri:0, instance:scripts.TestCase2@35aea049]" started-at="2022-09-10T18:29:10 IST" name="tc2" finished-at="2022-09-10T18:29:15 IST" duration-ms="5026" status="PASS">
          <reporter-output>
          </reporter-output>
        </test-method> <!-- tc2 -->
        <test-method is-config="true" signature="closeapp(org.testng.ITestResult)[pri:0, instance:scripts.TestCase2@35aea049]" started-at="2022-09-10T18:29:15 IST" name="closeapp" finished-at="2022-09-10T18:29:15 IST" duration-ms="247" status="PASS">
          <params>
            <param index="0">
              <value>
                <![CDATA[[TestResult name=tc2 status=SUCCESS method=TestCase2.tc2()[pri:0, instance:scripts.TestCase2@35aea049] output={null}]]]>
              </value>
            </param>
          </params>
          <reporter-output>
          </reporter-output>
        </test-method> <!-- closeapp -->
      </class> <!-- scripts.TestCase2 -->
      <class name="scripts.TestCase3">
        <test-method is-config="true" signature="openApp()[pri:0, instance:scripts.TestCase3@7205765b]" started-at="2022-09-10T18:29:15 IST" name="openApp" finished-at="2022-09-10T18:29:18 IST" duration-ms="2595" status="PASS">
          <reporter-output>
          </reporter-output>
        </test-method> <!-- openApp -->
        <test-method signature="tc3()[pri:0, instance:scripts.TestCase3@7205765b]" started-at="2022-09-10T18:29:18 IST" name="tc3" finished-at="2022-09-10T18:29:35 IST" duration-ms="16748" status="PASS">
          <reporter-output>
          </reporter-output>
        </test-method> <!-- tc3 -->
        <test-method is-config="true" signature="closeapp(org.testng.ITestResult)[pri:0, instance:scripts.TestCase3@7205765b]" started-at="2022-09-10T18:29:35 IST" name="closeapp" finished-at="2022-09-10T18:29:35 IST" duration-ms="283" status="PASS">
          <params>
            <param index="0">
              <value>
                <![CDATA[[TestResult name=tc3 status=SUCCESS method=TestCase3.tc3()[pri:0, instance:scripts.TestCase3@7205765b] output={null}]]]>
              </value>
            </param>
          </params>
          <reporter-output>
          </reporter-output>
        </test-method> <!-- closeapp -->
      </class> <!-- scripts.TestCase3 -->
    </test> <!-- Test -->
  </suite> <!-- Suite -->
</testng-results>
